[BOOT] ESP32-WROOM-32 Init...
[BOOT] CPU Frequency: 240 MHz
[INIT] Starting FreeRTOS Tasks...
[SYS]  Core 0 Task: Navigation & A* Planner (Priority 2)
[SYS]  Core 1 Task: MAVLink Comms & Sensors (Priority 3)
[MAVLink] Connecting to APM 2.8 via Serial2 at 57600 baud...
[MAVLink] Heartbeat received! APM 2.8 (ArduCopter V3.2.1)
[SENSOR] Initializing TF-Mini LiDAR (Serial1)... OK.
[SENSOR] Initializing Ultrasonic Array (GPIO 14, 27)... OK.
[SENSOR] Initializing IR Beacon Receivers (GPIO 32, 33, 34, 35)... OK.
[ML] Loading Edge Inference Model (TFLite Micro)...
[ML] Model loaded successfully. Arena size: 12KB.

[NAV] System Ready. Waiting for mission command...
[WIFI_DEBUG] Client connected from 192.168.1.105
[NAV] Received MISSION_START. Target: Bay 4 (Grid: 8, 2)
[PLANNER] Running A* Pathfinding on Core 0...
[PLANNER] Path generated in 42ms. Waypoints: 5.

[MAVLink] Sending ARM command...
[MAVLink] APM 2.8 Armed.
[MAVLink] Sending TAKEOFF command (Altitude: 1.5m)...
[NAV] Takeoff complete. Current Alt: 1.52m (LiDAR)

[NAV] Moving to Waypoint 1 (Grid: 2, 2)...
[SENSOR] Ultrasonic: Clear. TF-Mini: 8.5m.
[NAV] Waypoint 1 reached.
[NAV] Moving to Waypoint 2 (Grid: 5, 2)...
[ML] Inference triggered: Obstacle pattern detected! (Confidence: 89%)
[AVOID] Dynamic Obstacle Detected at 2.1m. Reaction time: 38ms.
[PLANNER] Re-calculating path...
[PLANNER] New path generated in 45ms.
[NAV] Moving to Alternate Waypoint (Grid: 5, 4)...
[NAV] Alternate Waypoint reached.
[NAV] Moving to Target: Bay 4 (Grid: 8, 2)...
[NAV] Target sector entered. Switching to IR Precision Docking Mode.

[DOCKING] Scanning for IR Beacons...
[DOCKING] Beacon 1 detected. Signal strength: -65dBm
[DOCKING] Beacon 2 detected. Signal strength: -68dBm
[DOCKING] Triangulating position...
[DOCKING] Alignment Error: X: +12cm, Y: -5cm. Correcting...
[DOCKING] Alignment Error: X: +2cm, Y: -1cm. Correcting...
[DOCKING] Alignment Error: X: 0cm, Y: 0cm. Locked. (Accuracy: ~3cm)

[GRIPPER] Engaging servo (Pin 25)...
[GRIPPER] Package Released.
[MAVLink] Sending LAND command...
[NAV] Landing complete. Disarming...
[MAVLink] APM 2.8 Disarmed.
[SYS] Mission Complete. Total time: 46.3s.
